#
# There is insufficient memory for the Java Runtime Environment to continue.
# Native memory allocation (mmap) failed to map 4294967296 bytes for committing reserved memory.
# Possible reasons:
#   The system is out of physical RAM or swap space
#   The process is running with CompressedOops enabled, and the Java Heap may be blocking the growth of the native heap
# Possible solutions:
#   Reduce memory load on the system
#   Increase physical memory or swap space
#   Check if swap backing store is full
#   Decrease Java heap size (-Xmx/-Xms)
#   Decrease number of Java threads
#   Decrease Java thread stack sizes (-Xss)
#   Set larger code cache with -XX:ReservedCodeCacheSize=
# This output file may be truncated or incomplete.
#
#  Out of Memory Error (os_linux.cpp:2719), pid=13487, tid=13488
#
# JRE version:  (11.0.3+7) (build )
# Java VM: OpenJDK 64-Bit Server VM (11.0.3+7-Ubuntu-1ubuntu218.04.1, mixed mode, aot, sharing, tiered, compressed oops, g1 gc, linux-amd64)
# No core dump will be written. Core dumps have been disabled. To enable core dumping, try "ulimit -c unlimited" before starting Java again
#

---------------  S U M M A R Y ------------

Command Line: -Xmx4G -Xms4G server.jar

Host: Intel Xeon Processor (Cascadelake), 2 cores, 3G, Ubuntu 18.04.2 LTS
Time: Tue Jun 18 13:58:34 2019 UTC elapsed time: 0 seconds (0d 0h 0m 0s)

---------------  T H R E A D  ---------------

Current thread (0x00007f9e90011800):  JavaThread "Unknown thread" [_thread_in_vm, id=13488, stack(0x00007f9e99f45000,0x00007f9e9a046000)]

Stack: [0x00007f9e99f45000,0x00007f9e9a046000],  sp=0x00007f9e9a0442c0,  free space=1020k
Native frames: (J=compiled Java code, A=aot compiled Java code, j=interpreted, Vv=VM code, C=native code)
V  [libjvm.so+0xde1587]
V  [libjvm.so+0xde21db]
V  [libjvm.so+0x650895]
V  [libjvm.so+0xbbc6c8]
V  [libjvm.so+0xbb3f2d]
V  [libjvm.so+0x76ea7f]
V  [libjvm.so+0x76ecee]
V  [libjvm.so+0x77ad60]
V  [libjvm.so+0x7f5e29]
V  [libjvm.so+0x7f6a82]
V  [libjvm.so+0x7f6ee9]
V  [libjvm.so+0x72d3af]
V  [libjvm.so+0x72da9d]
V  [libjvm.so+0xd9bae2]
V  [libjvm.so+0xd9bd76]
V  [libjvm.so+0x80edc7]
V  [libjvm.so+0xd7a797]
V  [libjvm.so+0x8c7ad1]  JNI_CreateJavaVM+0x51
C  [libjli.so+0x4816]
C  [libjli.so+0x900d]


---------------  P R O C E S S  ---------------

Threads class SMR info:
_java_thread_list=0x000055829398af90, length=0, elements={
}

Java Threads: ( => current thread )

Other Threads:
  0x00007f9e90028000 GCTaskThread "GC Thread#0" [stack: 0x00007f9e95f2d000,0x00007f9e9602d000] [id=13489]
  0x00007f9e90068000 ConcurrentGCThread "G1 Main Marker" [stack: 0x00007f9e94429000,0x00007f9e94529000] [id=13490]
  0x00007f9e9006a000 ConcurrentGCThread "G1 Conc#0" [stack: 0x00007f9e94327000,0x00007f9e94427000] [id=13491]

[error occurred during error reporting (printing all threads), id 0xb, SIGSEGV (0xb) at pc=0x00007f9e9851a580]

VM state:not at safepoint (not fully initialized)

VM Mutex/Monitor currently owned by a thread:  ([mutex/lock_event])
[0x00007f9e9000e3c0] Heap_lock - owner thread: 0x00007f9e90011800

Heap address: 0x0000000700000000, size: 4096 MB, Compressed Oops mode: Non-zero based: 0x0000000700000000
Narrow klass base: 0x0000000000000000, Narrow klass shift: 0

GC Heap History (0 events):
No events

Deoptimization events (0 events):
No events

Classes redefined (0 events):
No events

Internal exceptions (0 events):
No events

Events (0 events):
No events


Dynamic libraries:
558291c94000-558291c95000 r-xp 00000000 fc:01 269750                     /usr/lib/jvm/java-11-openjdk-amd64/bin/java
558291e95000-558291e96000 r--p 00001000 fc:01 269750                     /usr/lib/jvm/java-11-openjdk-amd64/bin/java
558291e96000-558291e97000 rw-p 00002000 fc:01 269750                     /usr/lib/jvm/java-11-openjdk-amd64/bin/java
558293973000-558293994000 rw-p 00000000 00:00 0                          [heap]
7f9e62000000-7f9e64000000 rw-p 00000000 00:00 0 
7f9e64000000-7f9e64021000 rw-p 00000000 00:00 0 
7f9e64021000-7f9e68000000 ---p 00000000 00:00 0 
7f9e68000000-7f9e68021000 rw-p 00000000 00:00 0 
7f9e68021000-7f9e74000000 ---p 00000000 00:00 0 
7f9e74000000-7f9e74021000 rw-p 00000000 00:00 0 
7f9e74021000-7f9e78000000 ---p 00000000 00:00 0 
7f9e7897e000-7f9e78bee000 rwxp 00000000 00:00 0 
7f9e78bee000-7f9e78f0d000 ---p 00000000 00:00 0 
7f9e78f0d000-7f9e7917d000 rwxp 00000000 00:00 0 
7f9e7917d000-7f9e80445000 ---p 00000000 00:00 0 
7f9e80445000-7f9e806b5000 rwxp 00000000 00:00 0 
7f9e806b5000-7f9e8797e000 ---p 00000000 00:00 0 
7f9e8797e000-7f9e90000000 r--s 00000000 fc:01 269912                     /usr/lib/jvm/java-11-openjdk-amd64/lib/modules
7f9e90000000-7f9e9007c000 rw-p 00000000 00:00 0 
7f9e9007c000-7f9e94000000 ---p 00000000 00:00 0 
7f9e94123000-7f9e94325000 rw-p 00000000 00:00 0 
7f9e94325000-7f9e94326000 ---p 00000000 00:00 0 
7f9e94326000-7f9e94427000 rw-p 00000000 00:00 0 
7f9e94427000-7f9e94428000 ---p 00000000 00:00 0 
7f9e94428000-7f9e94529000 rw-p 00000000 00:00 0 
7f9e94529000-7f9e95d29000 ---p 00000000 00:00 0 
7f9e95d29000-7f9e95f2b000 rw-p 00000000 00:00 0 
7f9e95f2b000-7f9e95f2c000 ---p 00000000 00:00 0 
7f9e95f2c000-7f9e96032000 rw-p 00000000 00:00 0 
7f9e96032000-7f9e96118000 ---p 00000000 00:00 0 
7f9e96118000-7f9e9611d000 rw-p 00000000 00:00 0 
7f9e9611d000-7f9e96203000 ---p 00000000 00:00 0 
7f9e96203000-7f9e96208000 r-xp 00000000 fc:01 269894                     /usr/lib/jvm/java-11-openjdk-amd64/lib/libjimage.so
7f9e96208000-7f9e96407000 ---p 00005000 fc:01 269894                     /usr/lib/jvm/java-11-openjdk-amd64/lib/libjimage.so
7f9e96407000-7f9e96408000 r--p 00004000 fc:01 269894                     /usr/lib/jvm/java-11-openjdk-amd64/lib/libjimage.so
7f9e96408000-7f9e96409000 rw-p 00005000 fc:01 269894                     /usr/lib/jvm/java-11-openjdk-amd64/lib/libjimage.so
7f9e96409000-7f9e96410000 r-xp 00000000 fc:01 269911                     /usr/lib/jvm/java-11-openjdk-amd64/lib/libzip.so
7f9e96410000-7f9e9660f000 ---p 00007000 fc:01 269911                     /usr/lib/jvm/java-11-openjdk-amd64/lib/libzip.so
7f9e9660f000-7f9e96610000 r--p 00006000 fc:01 269911                     /usr/lib/jvm/java-11-openjdk-amd64/lib/libzip.so
7f9e96610000-7f9e96611000 rw-p 00007000 fc:01 269911                     /usr/lib/jvm/java-11-openjdk-amd64/lib/libzip.so
7f9e96611000-7f9e9661c000 r-xp 00000000 fc:01 1133                       /lib/x86_64-linux-gnu/libnss_files-2.27.so
7f9e9661c000-7f9e9681b000 ---p 0000b000 fc:01 1133                       /lib/x86_64-linux-gnu/libnss_files-2.27.so
7f9e9681b000-7f9e9681c000 r--p 0000a000 fc:01 1133                       /lib/x86_64-linux-gnu/libnss_files-2.27.so
7f9e9681c000-7f9e9681d000 rw-p 0000b000 fc:01 1133                       /lib/x86_64-linux-gnu/libnss_files-2.27.so
7f9e9681d000-7f9e96823000 rw-p 00000000 00:00 0 
7f9e96823000-7f9e9683a000 r-xp 00000000 fc:01 1127                       /lib/x86_64-linux-gnu/libnsl-2.27.so
7f9e9683a000-7f9e96a39000 ---p 00017000 fc:01 1127                       /lib/x86_64-linux-gnu/libnsl-2.27.so
7f9e96a39000-7f9e96a3a000 r--p 00016000 fc:01 1127                       /lib/x86_64-linux-gnu/libnsl-2.27.so
7f9e96a3a000-7f9e96a3b000 rw-p 00017000 fc:01 1127                       /lib/x86_64-linux-gnu/libnsl-2.27.so
7f9e96a3b000-7f9e96a3d000 rw-p 00000000 00:00 0 
7f9e96a3d000-7f9e96a48000 r-xp 00000000 fc:01 1137                       /lib/x86_64-linux-gnu/libnss_nis-2.27.so
7f9e96a48000-7f9e96c47000 ---p 0000b000 fc:01 1137                       /lib/x86_64-linux-gnu/libnss_nis-2.27.so
7f9e96c47000-7f9e96c48000 r--p 0000a000 fc:01 1137                       /lib/x86_64-linux-gnu/libnss_nis-2.27.so
7f9e96c48000-7f9e96c49000 rw-p 0000b000 fc:01 1137                       /lib/x86_64-linux-gnu/libnss_nis-2.27.so
7f9e96c49000-7f9e96c51000 r-xp 00000000 fc:01 1129                       /lib/x86_64-linux-gnu/libnss_compat-2.27.so
7f9e96c51000-7f9e96e51000 ---p 00008000 fc:01 1129                       /lib/x86_64-linux-gnu/libnss_compat-2.27.so
7f9e96e51000-7f9e96e52000 r--p 00008000 fc:01 1129                       /lib/x86_64-linux-gnu/libnss_compat-2.27.so
7f9e96e52000-7f9e96e53000 rw-p 00009000 fc:01 1129                       /lib/x86_64-linux-gnu/libnss_compat-2.27.so
7f9e96e53000-7f9e96e7c000 r-xp 00000000 fc:01 269890                     /usr/lib/jvm/java-11-openjdk-amd64/lib/libjava.so
7f9e96e7c000-7f9e9707b000 ---p 00029000 fc:01 269890                     /usr/lib/jvm/java-11-openjdk-amd64/lib/libjava.so
7f9e9707b000-7f9e9707c000 r--p 00028000 fc:01 269890                     /usr/lib/jvm/java-11-openjdk-amd64/lib/libjava.so
7f9e9707c000-7f9e9707e000 rw-p 00029000 fc:01 269890                     /usr/lib/jvm/java-11-openjdk-amd64/lib/libjava.so
7f9e9707e000-7f9e9708b000 r-xp 00000000 fc:01 269910                     /usr/lib/jvm/java-11-openjdk-amd64/lib/libverify.so
7f9e9708b000-7f9e9728a000 ---p 0000d000 fc:01 269910                     /usr/lib/jvm/java-11-openjdk-amd64/lib/libverify.so
7f9e9728a000-7f9e9728c000 r--p 0000c000 fc:01 269910                     /usr/lib/jvm/java-11-openjdk-amd64/lib/libverify.so
7f9e9728c000-7f9e9728d000 rw-p 0000e000 fc:01 269910                     /usr/lib/jvm/java-11-openjdk-amd64/lib/libverify.so
7f9e9728d000-7f9e97294000 r-xp 00000000 fc:01 1159                       /lib/x86_64-linux-gnu/librt-2.27.so
7f9e97294000-7f9e97493000 ---p 00007000 fc:01 1159                       /lib/x86_64-linux-gnu/librt-2.27.so
7f9e97493000-7f9e97494000 r--p 00006000 fc:01 1159                       /lib/x86_64-linux-gnu/librt-2.27.so
7f9e97494000-7f9e97495000 rw-p 00007000 fc:01 1159                       /lib/x86_64-linux-gnu/librt-2.27.so
7f9e97495000-7f9e974ac000 r-xp 00000000 fc:01 1095                       /lib/x86_64-linux-gnu/libgcc_s.so.1
7f9e974ac000-7f9e976ab000 ---p 00017000 fc:01 1095                       /lib/x86_64-linux-gnu/libgcc_s.so.1
7f9e976ab000-7f9e976ac000 r--p 00016000 fc:01 1095                       /lib/x86_64-linux-gnu/libgcc_s.so.1
7f9e976ac000-7f9e976ad000 rw-p 00017000 fc:01 1095                       /lib/x86_64-linux-gnu/libgcc_s.so.1
7f9e976ad000-7f9e9784a000 r-xp 00000000 fc:01 1112                       /lib/x86_64-linux-gnu/libm-2.27.so
7f9e9784a000-7f9e97a49000 ---p 0019d000 fc:01 1112                       /lib/x86_64-linux-gnu/libm-2.27.so
7f9e97a49000-7f9e97a4a000 r--p 0019c000 fc:01 1112                       /lib/x86_64-linux-gnu/libm-2.27.so
7f9e97a4a000-7f9e97a4b000 rw-p 0019d000 fc:01 1112                       /lib/x86_64-linux-gnu/libm-2.27.so
7f9e97a4b000-7f9e97bc4000 r-xp 00000000 fc:01 3500                       /usr/lib/x86_64-linux-gnu/libstdc++.so.6.0.25
7f9e97bc4000-7f9e97dc4000 ---p 00179000 fc:01 3500                       /usr/lib/x86_64-linux-gnu/libstdc++.so.6.0.25
7f9e97dc4000-7f9e97dce000 r--p 00179000 fc:01 3500                       /usr/lib/x86_64-linux-gnu/libstdc++.so.6.0.25
7f9e97dce000-7f9e97dd0000 rw-p 00183000 fc:01 3500                       /usr/lib/x86_64-linux-gnu/libstdc++.so.6.0.25
7f9e97dd0000-7f9e97dd4000 rw-p 00000000 00:00 0 
7f9e97dd4000-7f9e98e9c000 r-xp 00000000 fc:01 269917                     /usr/lib/jvm/java-11-openjdk-amd64/lib/server/libjvm.so
7f9e98e9c000-7f9e9909c000 ---p 010c8000 fc:01 269917                     /usr/lib/jvm/java-11-openjdk-amd64/lib/server/libjvm.so
7f9e9909c000-7f9e99159000 r--p 010c8000 fc:01 269917                     /usr/lib/jvm/java-11-openjdk-amd64/lib/server/libjvm.so
7f9e99159000-7f9e99192000 rw-p 01185000 fc:01 269917                     /usr/lib/jvm/java-11-openjdk-amd64/lib/server/libjvm.so
7f9e99192000-7f9e991e8000 rw-p 00000000 00:00 0 
7f9e991e8000-7f9e99202000 r-xp 00000000 fc:01 1153                       /lib/x86_64-linux-gnu/libpthread-2.27.so
7f9e99202000-7f9e99401000 ---p 0001a000 fc:01 1153                       /lib/x86_64-linux-gnu/libpthread-2.27.so
7f9e99401000-7f9e99402000 r--p 00019000 fc:01 1153                       /lib/x86_64-linux-gnu/libpthread-2.27.so
7f9e99402000-7f9e99403000 rw-p 0001a000 fc:01 1153                       /lib/x86_64-linux-gnu/libpthread-2.27.so
7f9e99403000-7f9e99407000 rw-p 00000000 00:00 0 
7f9e99407000-7f9e9940a000 r-xp 00000000 fc:01 1083                       /lib/x86_64-linux-gnu/libdl-2.27.so
7f9e9940a000-7f9e99609000 ---p 00003000 fc:01 1083                       /lib/x86_64-linux-gnu/libdl-2.27.so
7f9e99609000-7f9e9960a000 r--p 00002000 fc:01 1083                       /lib/x86_64-linux-gnu/libdl-2.27.so
7f9e9960a000-7f9e9960b000 rw-p 00003000 fc:01 1083                       /lib/x86_64-linux-gnu/libdl-2.27.so
7f9e9960b000-7f9e99627000 r-xp 00000000 fc:01 1184                       /lib/x86_64-linux-gnu/libz.so.1.2.11
7f9e99627000-7f9e99826000 ---p 0001c000 fc:01 1184                       /lib/x86_64-linux-gnu/libz.so.1.2.11
7f9e99826000-7f9e99827000 r--p 0001b000 fc:01 1184                       /lib/x86_64-linux-gnu/libz.so.1.2.11
7f9e99827000-7f9e99828000 rw-p 0001c000 fc:01 1184                       /lib/x86_64-linux-gnu/libz.so.1.2.11
7f9e99828000-7f9e99a0f000 r-xp 00000000 fc:01 1066                       /lib/x86_64-linux-gnu/libc-2.27.so
7f9e99a0f000-7f9e99c0f000 ---p 001e7000 fc:01 1066                       /lib/x86_64-linux-gnu/libc-2.27.so
7f9e99c0f000-7f9e99c13000 r--p 001e7000 fc:01 1066                       /lib/x86_64-linux-gnu/libc-2.27.so
7f9e99c13000-7f9e99c15000 rw-p 001eb000 fc:01 1066                       /lib/x86_64-linux-gnu/libc-2.27.so
7f9e99c15000-7f9e99c19000 rw-p 00000000 00:00 0 
7f9e99c19000-7f9e99c28000 r-xp 00000000 fc:01 269875                     /usr/lib/jvm/java-11-openjdk-amd64/lib/jli/libjli.so
7f9e99c28000-7f9e99e28000 ---p 0000f000 fc:01 269875                     /usr/lib/jvm/java-11-openjdk-amd64/lib/jli/libjli.so
7f9e99e28000-7f9e99e29000 r--p 0000f000 fc:01 269875                     /usr/lib/jvm/java-11-openjdk-amd64/lib/jli/libjli.so
7f9e99e29000-7f9e99e2a000 rw-p 00010000 fc:01 269875                     /usr/lib/jvm/java-11-openjdk-amd64/lib/jli/libjli.so
7f9e99e2a000-7f9e99e51000 r-xp 00000000 fc:01 1042                       /lib/x86_64-linux-gnu/ld-2.27.so
7f9e99eec000-7f9e99f36000 rw-p 00000000 00:00 0 
7f9e99f36000-7f9e99f3d000 ---p 00000000 00:00 0 
7f9e99f3d000-7f9e99f45000 rw-s 00000000 fc:01 273352                     /tmp/hsperfdata_ulfvaldr/13487
7f9e99f45000-7f9e99f49000 ---p 00000000 00:00 0 
7f9e99f49000-7f9e9a048000 rw-p 00000000 00:00 0 
7f9e9a04b000-7f9e9a04d000 r--s 00007000 fc:01 140863                     /usr/share/java/java-atk-wrapper.jar
7f9e9a04d000-7f9e9a04e000 ---p 00000000 00:00 0 
7f9e9a04e000-7f9e9a04f000 r--p 00000000 00:00 0 
7f9e9a04f000-7f9e9a051000 rw-p 00000000 00:00 0 
7f9e9a051000-7f9e9a052000 r--p 00027000 fc:01 1042                       /lib/x86_64-linux-gnu/ld-2.27.so
7f9e9a052000-7f9e9a053000 rw-p 00028000 fc:01 1042                       /lib/x86_64-linux-gnu/ld-2.27.so
7f9e9a053000-7f9e9a054000 rw-p 00000000 00:00 0 
7fff7249d000-7fff724be000 rw-p 00000000 00:00 0                          [stack]
7fff72545000-7fff72548000 r--p 00000000 00:00 0                          [vvar]
7fff72548000-7fff7254a000 r-xp 00000000 00:00 0                          [vdso]
ffffffffff600000-ffffffffff601000 r-xp 00000000 00:00 0                  [vsyscall]


VM Arguments:
jvm_args: -Xmx4G -Xms4G 
java_command: server.jar
java_class_path (initial): server.jar
Launcher Type: SUN_STANDARD

[Global flags]
     intx CICompilerCount                          = 2                                         {product} {ergonomic}
     uint ConcGCThreads                            = 1                                         {product} {ergonomic}
     uint G1ConcRefinementThreads                  = 2                                         {product} {ergonomic}
   size_t G1HeapRegionSize                         = 2097152                                   {product} {ergonomic}
    uintx GCDrainStackTargetSize                   = 64                                        {product} {ergonomic}
   size_t InitialHeapSize                          = 4294967296                                {product} {command line}
   size_t MarkStackSize                            = 4194304                                   {product} {ergonomic}
   size_t MaxHeapSize                              = 4294967296                                {product} {command line}
   size_t MinHeapDeltaBytes                        = 2097152                                   {product} {ergonomic}
    uintx NonNMethodCodeHeapSize                   = 5824844                                {pd product} {ergonomic}
    uintx NonProfiledCodeHeapSize                  = 122916698                              {pd product} {ergonomic}
    uintx ProfiledCodeHeapSize                     = 122916698                              {pd product} {ergonomic}
    uintx ReservedCodeCacheSize                    = 251658240                              {pd product} {ergonomic}
     bool SegmentedCodeCache                       = true                                      {product} {ergonomic}
     bool UseCompressedClassPointers               = true                                 {lp64_product} {ergonomic}
     bool UseCompressedOops                        = true                                 {lp64_product} {ergonomic}
     bool UseG1GC                                  = true                                      {product} {ergonomic}

Logging:
Log output configuration:
 #0: stdout all=warning uptime,level,tags
 #1: stderr all=off uptime,level,tags

Environment Variables:
PATH=/usr/local/sbin:/usr/local/bin:/usr/sbin:/usr/bin:/sbin:/bin:/usr/games:/usr/local/games
SHELL=/bin/bash

Signal Handlers:
SIGSEGV: [libjvm.so+0xde2f90], sa_mask[0]=11111111011111111101111111111110, sa_flags=SA_RESTART|SA_SIGINFO
SIGBUS: [libjvm.so+0xde2f90], sa_mask[0]=11111111011111111101111111111110, sa_flags=SA_RESTART|SA_SIGINFO
SIGFPE: [libjvm.so+0xde2f90], sa_mask[0]=11111111011111111101111111111110, sa_flags=SA_RESTART|SA_SIGINFO
SIGPIPE: [libjvm.so+0xbb85d0], sa_mask[0]=11111111011111111101111111111110, sa_flags=SA_RESTART|SA_SIGINFO
SIGXFSZ: [libjvm.so+0xbb85d0], sa_mask[0]=11111111011111111101111111111110, sa_flags=SA_RESTART|SA_SIGINFO
SIGILL: [libjvm.so+0xde2f90], sa_mask[0]=11111111011111111101111111111110, sa_flags=SA_RESTART|SA_SIGINFO
SIGUSR2: [libjvm.so+0xbb8470], sa_mask[0]=00000000000000000000000000000000, sa_flags=SA_RESTART|SA_SIGINFO
SIGHUP: SIG_DFL, sa_mask[0]=00000000000000000000000000000000, sa_flags=none
SIGINT: SIG_DFL, sa_mask[0]=00000000000000000000000000000000, sa_flags=none
SIGTERM: SIG_DFL, sa_mask[0]=00000000000000000000000000000000, sa_flags=none
SIGQUIT: SIG_DFL, sa_mask[0]=00000000000000000000000000000000, sa_flags=none


---------------  S Y S T E M  ---------------

OS:DISTRIB_ID=Ubuntu
DISTRIB_RELEASE=18.04
DISTRIB_CODENAME=bionic
DISTRIB_DESCRIPTION="Ubuntu 18.04.2 LTS"
uname:Linux 4.15.0-45-generic #48-Ubuntu SMP Tue Jan 29 16:28:13 UTC 2019 x86_64
libc:glibc 2.27 NPTL 2.27 
rlimit: STACK 8192k, CORE 0k, NPROC 15557, NOFILE 1048576, AS infinity, DATA infinity, FSIZE infinity
load average:0.56 0.81 0.56

/proc/meminfo:
MemTotal:        4039480 kB
MemFree:         3597616 kB
MemAvailable:    3746800 kB
Buffers:            7168 kB
Cached:           327072 kB
SwapCached:          444 kB
Active:           154364 kB
Inactive:         203212 kB
Active(anon):       2404 kB
Inactive(anon):    21252 kB
Active(file):     151960 kB
Inactive(file):   181960 kB
Unevictable:           0 kB
Mlocked:               0 kB
SwapTotal:        115016 kB
SwapFree:          98632 kB
Dirty:             26556 kB
Writeback:             0 kB
AnonPages:         23100 kB
Mapped:            26896 kB
Shmem:               272 kB
Slab:              62284 kB
SReclaimable:      48780 kB
SUnreclaim:        13504 kB
KernelStack:        1392 kB
PageTables:         3436 kB
NFS_Unstable:          0 kB
Bounce:                0 kB
WritebackTmp:          0 kB
CommitLimit:     2134756 kB
Committed_AS:     227744 kB
VmallocTotal:   34359738367 kB
VmallocUsed:           0 kB
VmallocChunk:          0 kB
HardwareCorrupted:     0 kB
AnonHugePages:         0 kB
ShmemHugePages:        0 kB
ShmemPmdMapped:        0 kB
CmaTotal:              0 kB
CmaFree:               0 kB
HugePages_Total:       0
HugePages_Free:        0
HugePages_Rsvd:        0
HugePages_Surp:        0
Hugepagesize:       2048 kB
DirectMap4k:       89972 kB
DirectMap2M:     3055616 kB
DirectMap1G:     3145728 kB


/proc/sys/kernel/threads-max (system-wide limit on the number of threads):
31115


/proc/sys/vm/max_map_count (maximum number of memory map areas a process may have):
65530


/proc/sys/kernel/pid_max (system-wide limit on number of process identifiers):
32768



container (cgroup) information:
container_type: cgroupv1
cpu_cpuset_cpus: 0-1
cpu_memory_nodes: 0
active_processor_count: 2
cpu_quota: -1
cpu_period: 100000
cpu_shares: -1
memory_limit_in_bytes: -1
memory_and_swap_limit_in_bytes: -2
memory_soft_limit_in_bytes: -1
memory_usage_in_bytes: 366116864
memory_max_usage_in_bytes: 0


CPU:total 2 (initial active 2) (1 cores per cpu, 2 threads per core) family 6 model 85 stepping 6, cmov, cx8, fxsr, mmx, sse, sse2, sse3, ssse3, sse4.1, sse4.2, popcnt, avx, avx2, aes, clmul, erms, rtm, 3dnowpref, lzcnt, ht, tsc, tscinvbit, bmi1, bmi2, adx, evex, fma
CPU Model and flags from /proc/cpuinfo:
model name	: Intel Xeon Processor (Cascadelake)
flags		: fpu vme de pse tsc msr pae mce cx8 apic sep mtrr pge mca cmov pat pse36 clflush mmx fxsr sse sse2 ht syscall nx pdpe1gb rdtscp lm constant_tsc rep_good nopl xtopology nonstop_tsc cpuid pni pclmulqdq ssse3 fma cx16 pcid sse4_1 sse4_2 x2apic movbe popcnt tsc_deadline_timer aes xsave avx f16c rdrand hypervisor lahf_lm abm 3dnowprefetch cpuid_fault invpcid_single pti ssbd ibrs ibpb fsgsbase bmi1 hle avx2 smep bmi2 erms invpcid rtm avx512f avx512dq rdseed adx smap clflushopt clwb avx512cd avx512bw avx512vl xsaveopt xsavec xgetbv1 arat pku ospke avx512_vnni

Memory: 4k page, physical 4039480k(3597616k free), swap 115016k(98632k free)

vm_info: OpenJDK 64-Bit Server VM (11.0.3+7-Ubuntu-1ubuntu218.04.1) for linux-amd64 JRE (11.0.3+7-Ubuntu-1ubuntu218.04.1), built on Apr 23 2019 18:34:35 by "buildd" with gcc 7.3.0

END.
